<?xml version="1.0" encoding="UTF-8"?>
<!-- Generated by org.testng.reporters.JUnitReportReporter -->
<testsuite skipped="0" hostname="DESKTOP-RC4LV7T" name="com.start.testngBasics" tests="2" failures="0" timestamp="22 Jan 2020 16:44:59 GMT" time="0.010" errors="0">
  <testcase name="prioritytesting" time="0.005" classname="com.start.testngBasics"/>
  <testcase name="systemtesting" time="0.005" classname="com.start.testngBasics"/>
</testsuite> <!-- com.start.testngBasics -->
