<?xml version="1.0" encoding="UTF-8"?>
<!-- Generated by org.testng.reporters.JUnitReportReporter -->
<testsuite skipped="0" hostname="DESKTOP-RC4LV7T" name="com.hrms.testCases.loginTest" tests="4" failures="0" timestamp="17 Nov 2020 04:05:36 GMT" time="45.838" errors="0">
  <testcase name="InvalidCredentials_001" time="15.916" classname="com.hrms.testCases.loginTest"/>
  <testcase name="InvalidCredentials_003" time="7.845" classname="com.hrms.testCases.loginTest"/>
  <testcase name="InvalidCredentials_002" time="9.972" classname="com.hrms.testCases.loginTest"/>
  <testcase name="ValidCredentials" time="12.105" classname="com.hrms.testCases.loginTest"/>
</testsuite> <!-- com.hrms.testCases.loginTest -->
