<?xml version="1.0" encoding="UTF-8"?>
<!-- Generated by org.testng.reporters.JUnitReportReporter -->
<testsuite skipped="0" hostname="DESKTOP-RC4LV7T" name="sample1.sanpleArti.AppTest" tests="1" failures="0" timestamp="03 May 2020 11:16:10 GMT" time="0.009" errors="0">
  <testcase name="testApp" time="0.009" classname="sample1.sanpleArti.AppTest"/>
</testsuite> <!-- sample1.sanpleArti.AppTest -->
