<?xml version="1.0" encoding="UTF-8"?>
<!-- Generated by org.testng.reporters.JUnitReportReporter -->
<testsuite skipped="0" hostname="DESKTOP-RC4LV7T" name="com.start.testNGfeatures" tests="7" failures="0" timestamp="15 Jan 2020 15:53:21 GMT" time="0.053" errors="0">
  <testcase name="homepagetest" time="0.012" classname="com.start.testNGfeatures"/>
  <testcase name="homepagetest" time="0.002" classname="com.start.testNGfeatures"/>
  <testcase name="searchpagetest" time="0.002" classname="com.start.testNGfeatures"/>
  <testcase name="loginpagetest" time="0.020" classname="com.start.testNGfeatures"/>
  <testcase name="homepagetest" time="0.004" classname="com.start.testNGfeatures"/>
  <testcase name="homepagetest" time="0.006" classname="com.start.testNGfeatures"/>
  <testcase name="homepagetest" time="0.007" classname="com.start.testNGfeatures"/>
</testsuite> <!-- com.start.testNGfeatures -->
