<?xml version="1.0" encoding="UTF-8"?>
<!-- Generated by org.testng.reporters.JUnitReportReporter -->
<testsuite skipped="0" hostname="DESKTOP-RC4LV7T" name="getRequest.getData" tests="1" failures="0" timestamp="03 May 2020 11:39:46 GMT" time="2.326" errors="0">
  <testcase name="testResponsecode" time="2.326" classname="getRequest.getData"/>
</testsuite> <!-- getRequest.getData -->
