<?xml version="1.0" encoding="UTF-8"?>
<!-- Generated by org.testng.reporters.JUnitReportReporter -->
<testsuite skipped="0" hostname="DESKTOP-RC4LV7T" name="sample1.sanpleArti.google" tests="1" failures="0" timestamp="09 Sep 2019 17:55:42 GMT" time="80.753" errors="0">
  <testcase name="verifytitle" time="80.753" classname="sample1.sanpleArti.google"/>
</testsuite> <!-- sample1.sanpleArti.google -->
