<?xml version="1.0" encoding="UTF-8"?>
<!-- Generated by org.testng.reporters.JUnitReportReporter -->
<testsuite skipped="0" hostname="DESKTOP-RC4LV7T" name="com.hrms.testCases.loginTest" tests="4" failures="0" timestamp="16 Nov 2020 04:42:58 GMT" time="41.640" errors="0">
  <testcase name="InvalidCredentials_002" time="9.570" classname="com.hrms.testCases.loginTest"/>
  <testcase name="ValidCredentials" time="13.181" classname="com.hrms.testCases.loginTest"/>
  <testcase name="InvalidCredentials_001" time="10.322" classname="com.hrms.testCases.loginTest"/>
  <testcase name="InvalidCredentials_003" time="8.567" classname="com.hrms.testCases.loginTest"/>
</testsuite> <!-- com.hrms.testCases.loginTest -->
