<?xml version="1.0" encoding="UTF-8"?>
<!-- Generated by org.testng.reporters.JUnitReportReporter -->
<testsuite skipped="0" hostname="DESKTOP-RC4LV7T" name="com.hrms.testCases.addemployeetest" tests="3" failures="0" timestamp="16 Nov 2020 04:42:58 GMT" time="64.821" errors="0">
  <testcase name="addemployee" time="17.585" classname="com.hrms.testCases.addemployeetest"/>
  <testcase name="addemployee" time="22.757" classname="com.hrms.testCases.addemployeetest"/>
  <testcase name="addemployee" time="24.479" classname="com.hrms.testCases.addemployeetest"/>
</testsuite> <!-- com.hrms.testCases.addemployeetest -->
