<?xml version="1.0" encoding="UTF-8"?>
<!-- Generated by org.testng.reporters.JUnitReportReporter -->
<testsuite skipped="1" hostname="DESKTOP-RC4LV7T" name="com.hrms.testCases.dataDrivenTest" tests="3" failures="0" timestamp="16 Nov 2020 04:42:58 GMT" time="20.139" errors="0">
  <testcase name="InvalidCredentials_001" time="10.155" classname="com.hrms.testCases.dataDrivenTest">
    <skipped/>
  </testcase> <!-- InvalidCredentials_001 -->
  <testcase name="InvalidCredentials_002" time="9.557" classname="com.hrms.testCases.dataDrivenTest"/>
  <testcase name="InvalidCredentials_003" time="0.427" classname="com.hrms.testCases.dataDrivenTest"/>
</testsuite> <!-- com.hrms.testCases.dataDrivenTest -->
